
> assignment@0.0.0 build-storybook C:\Users\parkHyeongWoo\Documents\GitHub\front_7th_chapter1-3
> storybook build "--output-dir=C:\\Users\\PARKHY~1\\AppData\\Local\\Temp\\chromatic--11780-7TGKrdhqzN0L"

[1m@storybook/core v8.6.14
[22m
info => Cleaning outputDir: [36m..\..\..\..\PARKHY~1\AppData\Local\Temp\chromatic--11780-7TGKrdhqzN0L[39m
info => Loading presets
info => Building manager..
info => Manager built ([38;2;181;126;229m1.34 s[39m)
info => Building preview..
info Using tsconfig paths for react-docgen
[36mvite v7.0.2 [32mbuilding for production...[36m[39m
transforming...
[32m✓[39m 11761 modules transformed.
rendering chunks...
computing gzip size...
[2m../../../../PARKHY~1/AppData/Local/Temp/chromatic--11780-7TGKrdhqzN0L/[22m[32miframe.html                               [39m[1m[2m 17.59 kB[22m[1m[22m[2m │ gzip:   4.98 kB[22m
[2m../../../../PARKHY~1/AppData/Local/Temp/chromatic--11780-7TGKrdhqzN0L/[22m[36massets/preview-BqTZaGhc.js                [39m[1m[2m  0.16 kB[22m[1m[22m[2m │ gzip:   0.16 kB[22m
[2m../../../../PARKHY~1/AppData/Local/Temp/chromatic--11780-7TGKrdhqzN0L/[22m[36massets/preview-TqM3Oi8H.js                [39m[1m[2m  0.17 kB[22m[1m[22m[2m │ gzip:   0.15 kB[22m
[2m../../../../PARKHY~1/AppData/Local/Temp/chromatic--11780-7TGKrdhqzN0L/[22m[36massets/index-B8rYRX2K.js                  [39m[1m[2m  0.42 kB[22m[1m[22m[2m │ gzip:   0.27 kB[22m
[2m../../../../PARKHY~1/AppData/Local/Temp/chromatic--11780-7TGKrdhqzN0L/[22m[36massets/preview-DHQbi4pV.js                [39m[1m[2m  0.61 kB[22m[1m[22m[2m │ gzip:   0.42 kB[22m
[2m../../../../PARKHY~1/AppData/Local/Temp/chromatic--11780-7TGKrdhqzN0L/[22m[36massets/preview-caVMbCIR.js                [39m[1m[2m  0.69 kB[22m[1m[22m[2m │ gzip:   0.48 kB[22m
[2m../../../../PARKHY~1/AppData/Local/Temp/chromatic--11780-7TGKrdhqzN0L/[22m[36massets/chunk-XP5HYGXS-BpfKkqn7.js         [39m[1m[2m  0.71 kB[22m[1m[22m[2m │ gzip:   0.40 kB[22m
[2m../../../../PARKHY~1/AppData/Local/Temp/chromatic--11780-7TGKrdhqzN0L/[22m[36massets/index-DrFu-skq.js                  [39m[1m[2m  0.77 kB[22m[1m[22m[2m │ gzip:   0.47 kB[22m
[2m../../../../PARKHY~1/AppData/Local/Temp/chromatic--11780-7TGKrdhqzN0L/[22m[36massets/index-C_VjMC7g.js                  [39m[1m[2m  0.84 kB[22m[1m[22m[2m │ gzip:   0.53 kB[22m
[2m../../../../PARKHY~1/AppData/Local/Temp/chromatic--11780-7TGKrdhqzN0L/[22m[36massets/preview-CQlvPVxJ.js                [39m[1m[2m  0.86 kB[22m[1m[22m[2m │ gzip:   0.54 kB[22m
[2m../../../../PARKHY~1/AppData/Local/Temp/chromatic--11780-7TGKrdhqzN0L/[22m[36massets/test-utils--_O2wM1y.js             [39m[1m[2m  1.12 kB[22m[1m[22m[2m │ gzip:   0.69 kB[22m
[2m../../../../PARKHY~1/AppData/Local/Temp/chromatic--11780-7TGKrdhqzN0L/[22m[36massets/preview-WIE65ICp.js                [39m[1m[2m  3.40 kB[22m[1m[22m[2m │ gzip:   1.65 kB[22m
[2m../../../../PARKHY~1/AppData/Local/Temp/chromatic--11780-7TGKrdhqzN0L/[22m[36massets/index-DsJinFGm.js                  [39m[1m[2m  3.89 kB[22m[1m[22m[2m │ gzip:   1.52 kB[22m
[2m../../../../PARKHY~1/AppData/Local/Temp/chromatic--11780-7TGKrdhqzN0L/[22m[36massets/preview-DGZ5Qq08.js                [39m[1m[2m  4.87 kB[22m[1m[22m[2m │ gzip:   1.79 kB[22m
[2m../../../../PARKHY~1/AppData/Local/Temp/chromatic--11780-7TGKrdhqzN0L/[22m[36massets/preview-BWzBA1C2.js                [39m[1m[2m  7.62 kB[22m[1m[22m[2m │ gzip:   1.56 kB[22m
[2m../../../../PARKHY~1/AppData/Local/Temp/chromatic--11780-7TGKrdhqzN0L/[22m[36massets/preview-DTyQTpzx.js                [39m[1m[2m  8.07 kB[22m[1m[22m[2m │ gzip:   3.07 kB[22m
[2m../../../../PARKHY~1/AppData/Local/Temp/chromatic--11780-7TGKrdhqzN0L/[22m[36massets/index-D4lIrffr.js                  [39m[1m[2m  8.40 kB[22m[1m[22m[2m │ gzip:   3.28 kB[22m
[2m../../../../PARKHY~1/AppData/Local/Temp/chromatic--11780-7TGKrdhqzN0L/[22m[36massets/Color-YHDXOIA2-DJb_0Ocp.js         [39m[1m[2m 29.18 kB[22m[1m[22m[2m │ gzip:  11.01 kB[22m
[2m../../../../PARKHY~1/AppData/Local/Temp/chromatic--11780-7TGKrdhqzN0L/[22m[36massets/entry-preview-DTvUJgSv.js          [39m[1m[2m 29.61 kB[22m[1m[22m[2m │ gzip:   9.48 kB[22m
[2m../../../../PARKHY~1/AppData/Local/Temp/chromatic--11780-7TGKrdhqzN0L/[22m[36massets/preview-DOOUXT5w.js                [39m[1m[2m 37.28 kB[22m[1m[22m[2m │ gzip:  13.39 kB[22m
[2m../../../../PARKHY~1/AppData/Local/Temp/chromatic--11780-7TGKrdhqzN0L/[22m[36massets/index-BWUjYhD4.js                  [39m[1m[2m 56.84 kB[22m[1m[22m[2m │ gzip:  16.20 kB[22m
[2m../../../../PARKHY~1/AppData/Local/Temp/chromatic--11780-7TGKrdhqzN0L/[22m[36massets/DefaultPropsProvider-BoxP9S90.js   [39m[1m[2m 72.90 kB[22m[1m[22m[2m │ gzip:  25.84 kB[22m
[2m../../../../PARKHY~1/AppData/Local/Temp/chromatic--11780-7TGKrdhqzN0L/[22m[36massets/ViewToolbar.stories-DDwhsBl0.js    [39m[1m[2m 98.86 kB[22m[1m[22m[2m │ gzip:  30.64 kB[22m
[2m../../../../PARKHY~1/AppData/Local/Temp/chromatic--11780-7TGKrdhqzN0L/[22m[36massets/react-18-Dhjvimrl.js               [39m[1m[2m174.53 kB[22m[1m[22m[2m │ gzip:  55.25 kB[22m
[2m../../../../PARKHY~1/AppData/Local/Temp/chromatic--11780-7TGKrdhqzN0L/[22m[36massets/iframe-BkVyVJg2.js                 [39m[1m[2m209.79 kB[22m[1m[22m[2m │ gzip:  71.13 kB[22m
[2m../../../../PARKHY~1/AppData/Local/Temp/chromatic--11780-7TGKrdhqzN0L/[22m[36massets/entry-preview-docs-v5E33Fge.js     [39m[1m[2m246.75 kB[22m[1m[22m[2m │ gzip:  73.33 kB[22m
[2m../../../../PARKHY~1/AppData/Local/Temp/chromatic--11780-7TGKrdhqzN0L/[22m[36massets/index-BIB-w1Uo.js                  [39m[1m[33m659.56 kB[39m[22m[2m │ gzip: 156.16 kB[22m
[2m../../../../PARKHY~1/AppData/Local/Temp/chromatic--11780-7TGKrdhqzN0L/[22m[36massets/DocsRenderer-CFRXHY34-CuQ4tvzq.js  [39m[1m[33m889.76 kB[39m[22m[2m │ gzip: 275.13 kB[22m
[32m✓ built in 1m 37s[39m
info => Preview built ([38;2;181;126;229m1.67 min[39m)
info => Output directory: C:\Users\PARKHY~1\AppData\Local\Temp\chromatic--11780-7TGKrdhqzN0L
